\BOOKMARK [-1][-]{part.1}{I\040Tahap\040Pengenalan}{}% 1
\BOOKMARK [0][-]{chapter.1}{Apa\040itu\040LaTeX?}{part.1}% 2
\BOOKMARK [1][-]{section.1.1}{Instalasi}{chapter.1}% 3
\BOOKMARK [2][-]{subsection.1.1.1}{Instalasi\040di\040Linux}{section.1.1}% 4
\BOOKMARK [0][-]{chapter.2}{Dasar}{part.1}% 5
\BOOKMARK [1][-]{section.2.1}{Sintak\040LaTeX}{chapter.2}% 6
\BOOKMARK [2][-]{subsection.2.1.1}{Spasi}{section.2.1}% 7
\BOOKMARK [2][-]{subsection.2.1.2}{Karakter\040Khusus}{section.2.1}% 8
\BOOKMARK [2][-]{subsection.2.1.3}{Group}{section.2.1}% 9
\BOOKMARK [2][-]{subsection.2.1.4}{Environment}{section.2.1}% 10
\BOOKMARK [2][-]{subsection.2.1.5}{Commands}{section.2.1}% 11
\BOOKMARK [2][-]{subsection.2.1.6}{Komentar}{section.2.1}% 12
\BOOKMARK [1][-]{section.2.2}{Membuat\040Dokumen\040Pertama}{chapter.2}% 13
\BOOKMARK [2][-]{subsection.2.2.1}{Apa\040Arti\040dari\040Kode\040Sumber?}{section.2.2}% 14
\BOOKMARK [1][-]{section.2.3}{File}{chapter.2}% 15
\BOOKMARK [2][-]{subsection.2.3.1}{Membuat\040Nama\040File\040yang\040Baik}{section.2.3}% 16
\BOOKMARK [2][-]{subsection.2.3.2}{File\040Tambahan}{section.2.3}% 17
\BOOKMARK [-1][-]{part.2}{II\040Elemen-elemen\040Umum}{}% 18
\BOOKMARK [0][-]{chapter.3}{Struktur\040Dokumen}{part.2}% 19
\BOOKMARK [1][-]{section.3.1}{Struktur\040Global}{chapter.3}% 20
\BOOKMARK [1][-]{section.3.2}{Preamble}{chapter.3}% 21
\BOOKMARK [2][-]{subsection.3.2.1}{Document\040class}{section.3.2}% 22
\BOOKMARK [2][-]{subsection.3.2.2}{Package}{section.3.2}% 23
\BOOKMARK [1][-]{section.3.3}{Lingkungan\040Document}{chapter.3}% 24
\BOOKMARK [2][-]{subsection.3.3.1}{Top\040matter}{section.3.3}% 25
\BOOKMARK [2][-]{subsection.3.3.2}{Abstrak}{section.3.3}% 26
\BOOKMARK [2][-]{subsection.3.3.3}{Pengaturan\040Bab}{section.3.3}% 27
\BOOKMARK [2][-]{subsection.3.3.4}{Paragraph\040Biasa}{section.3.3}% 28
\BOOKMARK [2][-]{subsection.3.3.5}{Daftar\040Isi}{section.3.3}% 29
\BOOKMARK [1][-]{section.3.4}{Struktur\040Buku}{chapter.3}% 30
\BOOKMARK [2][-]{subsection.3.4.1}{Urutan\040Halaman}{section.3.4}% 31
\BOOKMARK [2][-]{subsection.3.4.2}{Bab\040Pengenalan\040dengan\040Penomoran\040Halaman\040Bab\040Utama}{section.3.4}% 32
\BOOKMARK [1][-]{section.3.5}{Halaman\040Khusus}{chapter.3}% 33
\BOOKMARK [2][-]{subsection.3.5.1}{Daftar\040Pustaka}{section.3.5}% 34
\BOOKMARK [0][-]{chapter.4}{Pemformatan\040Teks}{part.2}% 35
\BOOKMARK [1][-]{section.4.1}{Spasi}{chapter.4}% 36
\BOOKMARK [2][-]{subsection.4.1.1}{Spasi\040Baris}{section.4.1}% 37
